<?xml version="1.0" encoding="UTF-8"?>
<!-- Generated by org.testng.reporters.JUnitReportReporter -->
<testsuite hostname="Krishna-PC" failures="0" tests="28" name="groww.runner.RunTest" time="236.677" errors="0" timestamp="2024-01-25T00:04:27 IST" skipped="0">
  <testcase classname="groww.runner.RunTest" name="testcaseone" time="9.493"/>
  <testcase classname="groww.runner.RunTest" name="testcasetwo" time="7.984"/>
  <testcase classname="groww.runner.RunTest" name="testcasethree" time="9.263"/>
  <testcase classname="groww.runner.RunTest" name="testcasefour" time="11.947"/>
  <testcase classname="groww.runner.RunTest" name="testcasefive" time="7.577"/>
  <testcase classname="groww.runner.RunTest" name="testcasesix" time="7.071"/>
  <testcase classname="groww.runner.RunTest" name="testcaseseven" time="6.460"/>
  <testcase classname="groww.runner.RunTest" name="testcaseeight" time="9.725"/>
  <testcase classname="groww.runner.RunTest" name="testcasenine" time="11.141"/>
  <testcase classname="groww.runner.RunTest" name="testcaseten" time="8.337"/>
  <testcase classname="groww.runner.RunTest" name="testcaseeleven" time="9.084"/>
  <testcase classname="groww.runner.RunTest" name="testcasetwelve" time="9.722"/>
  <testcase classname="groww.runner.RunTest" name="testcasefifteen" time="7.384"/>
  <testcase classname="groww.runner.RunTest" name="testcasesixteen" time="8.226"/>
  <testcase classname="groww.runner.RunTest" name="testcaseseventeen" time="9.207"/>
  <testcase classname="groww.runner.RunTest" name="testcaseeightteen" time="8.530"/>
  <testcase classname="groww.runner.RunTest" name="testcasenineteen" time="8.801"/>
  <testcase classname="groww.runner.RunTest" name="testcasetwenty" time="9.072"/>
  <testcase classname="groww.runner.RunTest" name="testcasetwentyone" time="7.881"/>
  <testcase classname="groww.runner.RunTest" name="testcasetwentytwo" time="8.634"/>
  <testcase classname="groww.runner.RunTest" name="testcasetwentythree" time="9.314"/>
  <testcase classname="groww.runner.RunTest" name="testcasetwentyfour" time="8.090"/>
  <testcase classname="groww.runner.RunTest" name="testcasetwentyfive" time="7.933"/>
  <testcase classname="groww.runner.RunTest" name="testcasetwentysix" time="7.320"/>
  <testcase classname="groww.runner.RunTest" name="testcasetwentyseven" time="6.771"/>
  <testcase classname="groww.runner.RunTest" name="testcasetwentyeight" time="7.459"/>
  <testcase classname="groww.runner.RunTest" name="testcasetwentynine" time="6.965"/>
  <testcase classname="groww.runner.RunTest" name="testcasethirty" time="7.286"/>
</testsuite> <!-- groww.runner.RunTest -->
